# JRE version: OpenJDK Runtime Environment (8.0_152-b01) (build 1.8.0_152-release-915-b01)
# Java VM: OpenJDK 64-Bit Server VM (25.152-b01 mixed mode windows-amd64 compressed oops)
Heap:
 PSYoungGen      total 420864K, used 188794K [0x00000000e0000000, 0x00000000ffe00000, 0x0000000100000000)
  eden space 330752K, 55% used [0x00000000e0000000,0x00000000eb3bc530,0x00000000f4300000)
  from space 90112K, 5% used [0x00000000f4300000,0x00000000f47a2570,0x00000000f9b00000)
  to   space 89600K, 0% used [0x00000000fa680000,0x00000000fa680000,0x00000000ffe00000)
 ParOldGen       total 412160K, used 368157K [0x00000000a0000000, 0x00000000b9280000, 0x00000000e0000000)
  object space 412160K, 89% used [0x00000000a0000000,0x00000000b67875d8,0x00000000b9280000)
 Metaspace       used 118708K, capacity 137296K, committed 137560K, reserved 1167360K
  class space    used 15088K, capacity 20341K, committed 20352K, reserved 1048576K
GC Heap History (10 events):
Event: 17739.576 GC heap before
{Heap before GC invocations=206 (full 9):
 PSYoungGen      total 432640K, used 394975K [0x00000000e0000000, 0x0000000100000000, 0x0000000100000000)
  eden space 344064K, 100% used [0x00000000e0000000,0x00000000f5000000,0x00000000f5000000)
  from space 88576K, 57% used [0x00000000fa980000,0x00000000fdb37d70,0x0000000100000000)
  to   space 90112K, 0% used [0x00000000f5000000,0x00000000f5000000,0x00000000fa800000)
 ParOldGen       total 412160K, used 349137K [0x00000000a0000000, 0x00000000b9280000, 0x00000000e0000000)
  object space 412160K, 84% used [0x00000000a0000000,0x00000000b54f47e0,0x00000000b9280000)
 Metaspace       used 116487K, capacity 134664K, committed 134872K, reserved 1165312K
  class space    used 14842K, capacity 19931K, committed 19968K, reserved 1048576K
Event: 17739.596 GC heap after
Heap after GC invocations=206 (full 9):
 PSYoungGen      total 420864K, used 76305K [0x00000000e0000000, 0x0000000100000000, 0x0000000100000000)
  eden space 344064K, 0% used [0x00000000e0000000,0x00000000e0000000,0x00000000f5000000)
  from space 76800K, 99% used [0x00000000f5000000,0x00000000f9a84400,0x00000000f9b00000)
  to   space 100352K, 0% used [0x00000000f9e00000,0x00000000f9e00000,0x0000000100000000)
 ParOldGen       total 412160K, used 355582K [0x00000000a0000000, 0x00000000b9280000, 0x00000000e0000000)
  object space 412160K, 86% used [0x00000000a0000000,0x00000000b5b3fb78,0x00000000b9280000)
 Metaspace       used 116487K, capacity 134664K, committed 134872K, reserved 1165312K
  class space    used 14842K, capacity 19931K, committed 19968K, reserved 1048576K
}
Event: 17833.932 GC heap before
{Heap before GC invocations=207 (full 9):
 PSYoungGen      total 420864K, used 420369K [0x00000000e0000000, 0x0000000100000000, 0x0000000100000000)
  eden space 344064K, 100% used [0x00000000e0000000,0x00000000f5000000,0x00000000f5000000)
  from space 76800K, 99% used [0x00000000f5000000,0x00000000f9a84400,0x00000000f9b00000)
  to   space 100352K, 0% used [0x00000000f9e00000,0x00000000f9e00000,0x0000000100000000)
 ParOldGen       total 412160K, used 355582K [0x00000000a0000000, 0x00000000b9280000, 0x00000000e0000000)
  object space 412160K, 86% used [0x00000000a0000000,0x00000000b5b3fb78,0x00000000b9280000)
 Metaspace       used 116916K, capacity 135204K, committed 135512K, reserved 1165312K
  class space    used 14897K, capacity 20047K, committed 20096K, reserved 1048576K
Event: 17833.959 GC heap after
Heap after GC invocations=207 (full 9):
 PSYoungGen      total 430080K, used 38784K [0x00000000e0000000, 0x0000000100000000, 0x0000000100000000)
  eden space 329728K, 0% used [0x00000000e0000000,0x00000000e0000000,0x00000000f4200000)
  from space 100352K, 38% used [0x00000000f9e00000,0x00000000fc3e0290,0x0000000100000000)
  to   space 94208K, 0% used [0x00000000f4200000,0x00000000f4200000,0x00000000f9e00000)
 ParOldGen       total 412160K, used 357027K [0x00000000a0000000, 0x00000000b9280000, 0x00000000e0000000)
  object space 412160K, 86% used [0x00000000a0000000,0x00000000b5ca8fa0,0x00000000b9280000)
 Metaspace       used 116916K, capacity 135204K, committed 135512K, reserved 1165312K
  class space    used 14897K, capacity 20047K, committed 20096K, reserved 1048576K
}
Event: 17834.719 GC heap before
{Heap before GC invocations=208 (full 9):
 PSYoungGen      total 430080K, used 368512K [0x00000000e0000000, 0x0000000100000000, 0x0000000100000000)
  eden space 329728K, 100% used [0x00000000e0000000,0x00000000f4200000,0x00000000f4200000)
  from space 100352K, 38% used [0x00000000f9e00000,0x00000000fc3e0290,0x0000000100000000)
  to   space 94208K, 0% used [0x00000000f4200000,0x00000000f4200000,0x00000000f9e00000)
 ParOldGen       total 412160K, used 357027K [0x00000000a0000000, 0x00000000b9280000, 0x00000000e0000000)
  object space 412160K, 86% used [0x00000000a0000000,0x00000000b5ca8fa0,0x00000000b9280000)
 Metaspace       used 117319K, capacity 135638K, committed 135768K, reserved 1165312K
  class space    used 14934K, capacity 20082K, committed 20096K, reserved 1048576K
Event: 17834.733 GC heap after
Heap after GC invocations=208 (full 9):
 PSYoungGen      total 353280K, used 23197K [0x00000000e0000000, 0x00000000ff400000, 0x0000000100000000)
  eden space 329728K, 0% used [0x00000000e0000000,0x00000000e0000000,0x00000000f4200000)
  from space 23552K, 98% used [0x00000000f4200000,0x00000000f58a7590,0x00000000f5900000)
  to   space 91136K, 0% used [0x00000000f9b00000,0x00000000f9b00000,0x00000000ff400000)
 ParOldGen       total 412160K, used 363492K [0x00000000a0000000, 0x00000000b9280000, 0x00000000e0000000)
  object space 412160K, 88% used [0x00000000a0000000,0x00000000b62f9358,0x00000000b9280000)
 Metaspace       used 117319K, capacity 135638K, committed 135768K, reserved 1165312K
  class space    used 14934K, capacity 20082K, committed 20096K, reserved 1048576K
}
Event: 17927.144 GC heap before
{Heap before GC invocations=209 (full 9):
 PSYoungGen      total 353280K, used 352925K [0x00000000e0000000, 0x00000000ff400000, 0x0000000100000000)
  eden space 329728K, 100% used [0x00000000e0000000,0x00000000f4200000,0x00000000f4200000)
  from space 23552K, 98% used [0x00000000f4200000,0x00000000f58a7590,0x00000000f5900000)
  to   space 91136K, 0% used [0x00000000f9b00000,0x00000000f9b00000,0x00000000ff400000)
 ParOldGen       total 412160K, used 363492K [0x00000000a0000000, 0x00000000b9280000, 0x00000000e0000000)
  object space 412160K, 88% used [0x00000000a0000000,0x00000000b62f9358,0x00000000b9280000)
 Metaspace       used 117360K, capacity 135758K, committed 135896K, reserved 1165312K
  class space    used 14945K, capacity 20122K, committed 20224K, reserved 1048576K
Event: 17927.152 GC heap after
Heap after GC invocations=209 (full 9):
 PSYoungGen      total 421888K, used 10911K [0x00000000e0000000, 0x0000000100000000, 0x0000000100000000)
  eden space 330752K, 0% used [0x00000000e0000000,0x00000000e0000000,0x00000000f4300000)
  from space 91136K, 11% used [0x00000000f9b00000,0x00000000fa5a7c18,0x00000000ff400000)
  to   space 90112K, 0% used [0x00000000f4300000,0x00000000f4300000,0x00000000f9b00000)
 ParOldGen       total 412160K, used 365087K [0x00000000a0000000, 0x00000000b9280000, 0x00000000e0000000)
  object space 412160K, 88% used [0x00000000a0000000,0x00000000b6487f38,0x00000000b9280000)
 Metaspace       used 117360K, capacity 135758K, committed 135896K, reserved 1165312K
  class space    used 14945K, capacity 20122K, committed 20224K, reserved 1048576K
}
Event: 17934.922 GC heap before
{Heap before GC invocations=210 (full 9):
 PSYoungGen      total 421888K, used 341663K [0x00000000e0000000, 0x0000000100000000, 0x0000000100000000)
  eden space 330752K, 100% used [0x00000000e0000000,0x00000000f4300000,0x00000000f4300000)
  from space 91136K, 11% used [0x00000000f9b00000,0x00000000fa5a7c18,0x00000000ff400000)
  to   space 90112K, 0% used [0x00000000f4300000,0x00000000f4300000,0x00000000f9b00000)
 ParOldGen       total 412160K, used 365087K [0x00000000a0000000, 0x00000000b9280000, 0x00000000e0000000)
  object space 412160K, 88% used [0x00000000a0000000,0x00000000b6487f38,0x00000000b9280000)
 Metaspace       used 118246K, capacity 136772K, committed 137048K, reserved 1165312K
  class space    used 15034K, capacity 20269K, committed 20352K, reserved 1048576K
Event: 17934.930 GC heap after
Heap after GC invocations=210 (full 9):
 PSYoungGen      total 420864K, used 4745K [0x00000000e0000000, 0x00000000ffe00000, 0x0000000100000000)
  eden space 330752K, 0% used [0x00000000e0000000,0x00000000e0000000,0x00000000f4300000)
  from space 90112K, 5% used [0x00000000f4300000,0x00000000f47a2570,0x00000000f9b00000)
  to   space 89600K, 0% used [0x00000000fa680000,0x00000000fa680000,0x00000000ffe00000)
 ParOldGen       total 412160K, used 368157K [0x00000000a0000000, 0x00000000b9280000, 0x00000000e0000000)
  object space 412160K, 89% used [0x00000000a0000000,0x00000000b67875d8,0x00000000b9280000)
 Metaspace       used 118246K, capacity 136772K, committed 137048K, reserved 1165312K
  class space    used 15034K, capacity 20269K, committed 20352K, reserved 1048576K
}

